TN:
SF:/home/knrd/code/courses/rareskills-solidity/weeks8-11/capture-the-ether-foundry/TokenWhale/src/TestWhale.sol
DA:6,85
DA:7,0
DA:11,0
DA:13,4
DA:14,0
end_of_record

SF:/home/knrd/code/courses/rareskills-solidity/weeks8-11/capture-the-ether-foundry/TokenWhale/src/TokenWhale.sol
DA:4,0
DA:7,10
DA:8,21
DA:9,32
DA:11,95
DA:12,12
DA:13,13
DA:17,0
DA:18,0
DA:19,0
DA:20,0
DA:23,4
DA:24,14
DA:27,1
DA:29,22
DA:30,17
DA:33,4
DA:36,14
DA:37,21
DA:38,24
DA:40,6
DA:49,16
DA:50,32
DA:51,11
DA:54,15
DA:55,22
DA:56,24
DA:57,33
DA:59,38
DA:60,7
DA:65,0
DA:66,0
DA:68,0
DA:69,0
end_of_record

