TN:
SF:/home/knrd/code/courses/rareskills-solidity/week4/exercises/exercise3/mintable.sol
DA:6,0
DA:7,26
DA:8,25
DA:10,0
DA:11,0
DA:14,22
DA:15,19
DA:16,19
DA:18,36
end_of_record

SF:/home/knrd/code/courses/rareskills-solidity/week4/exercises/exercise3/template.sol
DA:11,0
DA:13,75
DA:14,0
DA:16,0
DA:17,0
DA:20,0
DA:21,0
end_of_record

SF:/home/knrd/code/courses/rareskills-solidity/week4/exercises/exercise3/token.sol
DA:6,0
DA:7,33
DA:10,117
DA:15,0
DA:18,26
DA:19,13
DA:22,8
DA:23,21
DA:26,8
DA:27,21
DA:31,35
DA:36,0
DA:37,52
DA:39,23
DA:40,36
DA:41,36
end_of_record

